0 info it worked if it ends with ok
1 verbose cli [ '/root/Desktop/workspace/install/node/bin/node',
1 verbose cli   '/usr/bin/npm',
1 verbose cli   'run',
1 verbose cli   'doc' ]
2 info using npm@3.10.3
3 info using node@v6.4.0
4 verbose stack Error: ENOENT: no such file or directory, open '/root/Desktop/workspace/projects/package.json'
4 verbose stack     at Error (native)
5 verbose cwd /root/Desktop/workspace/projects/gdp_gradle/gmp/wui
6 error Linux 4.4.0-21-generic
7 error argv "/root/Desktop/workspace/install/node/bin/node" "/usr/bin/npm" "run" "doc"
8 error node v6.4.0
9 error npm  v3.10.3
10 error path /root/Desktop/workspace/projects/package.json
11 error code ENOENT
12 error errno -2
13 error syscall open
14 error enoent ENOENT: no such file or directory, open '/root/Desktop/workspace/projects/package.json'
15 error enoent ENOENT: no such file or directory, open '/root/Desktop/workspace/projects/package.json'
15 error enoent This is most likely not a problem with npm itself
15 error enoent and is related to npm not being able to find a file.
16 verbose exit [ -2, true ]
